<?xml version="1.0" encoding="UTF-8"?>
<!-- Generated by org.testng.reporters.JUnitReportReporter -->
<testsuite hostname="kuchi2" name="testng.AdPostEventService" tests="1" failures="0" timestamp="29 Mar 2016 09:48:33 GMT" time="173.270" errors="0">
  <testcase name="testAdPostEventService" time="173.270" classname="testng.AdPostEventService"/>
</testsuite> <!-- testng.AdPostEventService -->
