<?xml version="1.0" encoding="UTF-8"?>
<!-- Generated by org.testng.reporters.JUnitReportReporter -->
<testsuite hostname="kuchi2" name="testng.SuccessfulAdPast" tests="1" failures="0" timestamp="28 Mar 2016 14:08:36 GMT" time="316.652" errors="0">
  <testcase name="testsuccessAdPost" time="316.652" classname="testng.SuccessfulAdPast"/>
</testsuite> <!-- testng.SuccessfulAdPast -->
