<?xml version="1.0" encoding="UTF-8"?>
<!-- Generated by org.testng.reporters.JUnitReportReporter -->
<testsuite hostname="kuchi2" name="testng.AdPostAutomotiveServices" tests="1" failures="0" timestamp="29 Mar 2016 08:16:01 GMT" time="367.459" errors="0">
  <testcase name="testAdPostAutomotiveServices" time="367.459" classname="testng.AdPostAutomotiveServices"/>
</testsuite> <!-- testng.AdPostAutomotiveServices -->
